{"level":"INFO","time":"2025-07-20 12:54:02","caller":"middleware/logger.go:60","msg":"📥 درخواست پردازش شد","user_id":"","request_id":"0706b649-dd2a-4e07-a669-215c05c3699b","ip":"::1","method":"POST","path":"/v1/auth/login","status":200,"ip":"::1","user_id":"","request_id":"0706b649-dd2a-4e07-a669-215c05c3699b","user_agent":"Mozilla/5.0 (Windows NT 10.0; Win64; x64) AppleWebKit/537.36 (KHTML, like Gecko) Chrome/138.0.0.0 Safari/537.36","latency":"62.0556ms","request_body":"{\n  \"captcha_ans\":\"[REDACTED]\",\n  \"captcha_id\": \"9f1b77d3-cb13-4a72-8a64-28de5f82a5c2\",\n  \"email\": \"user@example.com\",\n  \"password\":\"[REDACTED]\"\n}"}
{"level":"INFO","time":"2025-07-20 12:54:02","caller":"middleware/logger.go:60","msg":"📥 درخواست پردازش شد","user_id":"","request_id":"01c52499-6c88-4fb5-a08e-b97d7bbe4d68","ip":"::1","method":"POST","path":"/v1/auth/login","status":200,"ip":"::1","user_id":"","request_id":"01c52499-6c88-4fb5-a08e-b97d7bbe4d68","user_agent":"Mozilla/5.0 (Windows NT 10.0; Win64; x64) AppleWebKit/537.36 (KHTML, like Gecko) Chrome/138.0.0.0 Safari/537.36","latency":"62.0556ms","request_body":"{\n  \"captcha_ans\":\"[REDACTED]\",\n  \"captcha_id\": \"9f1b77d3-cb13-4a72-8a64-28de5f82a5c2\",\n  \"email\": \"user@example.com\",\n  \"password\":\"[REDACTED]\"\n}"}
{"level":"INFO","time":"2025-07-20 12:54:47","caller":"middleware/logger.go:60","msg":"📥 درخواست پردازش شد","user_id":"c6e6858a-50e2-4e11-94a5-e422bdc94536","request_id":"d96c759d-3674-4f1a-b9c8-e72a9818a54b","ip":"::1","method":"POST","path":"/v1/auth/logout","status":200,"ip":"::1","user_id":"c6e6858a-50e2-4e11-94a5-e422bdc94536","request_id":"d96c759d-3674-4f1a-b9c8-e72a9818a54b","user_agent":"Mozilla/5.0 (Windows NT 10.0; Win64; x64) AppleWebKit/537.36 (KHTML, like Gecko) Chrome/138.0.0.0 Safari/537.36","latency":"1.8762ms","request_body":""}
{"level":"INFO","time":"2025-07-20 12:54:47","caller":"middleware/logger.go:60","msg":"📥 درخواست پردازش شد","user_id":"","request_id":"be6e7fb8-1d0e-4076-8aff-c7a6333746a9","ip":"::1","method":"POST","path":"/v1/auth/logout","status":200,"ip":"::1","user_id":"","request_id":"be6e7fb8-1d0e-4076-8aff-c7a6333746a9","user_agent":"Mozilla/5.0 (Windows NT 10.0; Win64; x64) AppleWebKit/537.36 (KHTML, like Gecko) Chrome/138.0.0.0 Safari/537.36","latency":"4.3512ms","request_body":""}
{"level":"INFO","time":"2025-07-20 12:56:13","caller":"logger/logger.go:117","msg":"Signal received: interrupt"}
{"level":"INFO","time":"2025-07-20 12:56:13","caller":"logger/logger.go:117","msg":"Server gracefully stopped"}
{"level":"INFO","time":"2025-07-20 12:56:43","caller":"db/postgres.go:43","msg":"📦 connected to PostgreSQL"}
{"level":"INFO","time":"2025-07-20 12:56:43","caller":"db/postgres.go:49","msg":"✅ database migrated successfully"}
{"level":"INFO","time":"2025-07-20 12:56:43","caller":"cache/redis.go:26","msg":"📦 connected to Redis"}
{"level":"INFO","time":"2025-07-20 12:56:43","caller":"logger/logger.go:117","msg":"📡 Setting up ExchangeRouter..."}
{"level":"INFO","time":"2025-07-20 12:56:43","caller":"logger/logger.go:117","msg":"✅ Exchange HTTP routes registered."}
{"level":"INFO","time":"2025-07-20 12:56:43","caller":"logger/logger.go:117","msg":"🚀 Server running on port 7000"}
{"level":"INFO","time":"2025-07-20 12:56:46","caller":"middleware/logger.go:60","msg":"📥 درخواست پردازش شد","user_id":"","request_id":"74c9a699-3882-4566-8834-3cf0d8a2e15d","ip":"::1","method":"POST","path":"/v1/auth/login","status":200,"ip":"::1","user_id":"","request_id":"74c9a699-3882-4566-8834-3cf0d8a2e15d","user_agent":"Mozilla/5.0 (Windows NT 10.0; Win64; x64) AppleWebKit/537.36 (KHTML, like Gecko) Chrome/138.0.0.0 Safari/537.36","latency":"69.5365ms","request_body":"{\n  \"captcha_ans\":\"[REDACTED]\",\n  \"captcha_id\": \"9f1b77d3-cb13-4a72-8a64-28de5f82a5c2\",\n  \"email\": \"user@example.com\",\n  \"password\":\"[REDACTED]\"\n}"}
{"level":"INFO","time":"2025-07-20 12:57:04","caller":"middleware/logger.go:60","msg":"📥 درخواست پردازش شد","user_id":"c6e6858a-50e2-4e11-94a5-e422bdc94536","request_id":"224fdabb-5ef6-4354-a26a-b421ed253b9c","ip":"::1","method":"POST","path":"/v1/auth/logout","status":200,"ip":"::1","user_id":"c6e6858a-50e2-4e11-94a5-e422bdc94536","request_id":"224fdabb-5ef6-4354-a26a-b421ed253b9c","user_agent":"Mozilla/5.0 (Windows NT 10.0; Win64; x64) AppleWebKit/537.36 (KHTML, like Gecko) Chrome/138.0.0.0 Safari/537.36","latency":"1.5474ms","request_body":""}
{"level":"INFO","time":"2025-07-20 16:21:46","caller":"logger/logger.go:117","msg":"Signal received: interrupt"}
{"level":"INFO","time":"2025-07-20 16:21:46","caller":"logger/logger.go:117","msg":"Server gracefully stopped"}
{"level":"INFO","time":"2025-07-20 16:29:06","caller":"db/postgres.go:43","msg":"📦 connected to PostgreSQL"}
{"level":"ERROR","time":"2025-07-20 16:29:06","caller":"logger/gorm_logger.go:36","msg":"failed to parse value &entity.Pair{ID:0x0, BaseAssetID:0x0, QuoteAssetID:0x0, BaseCurrency:entity.Currency{ID:uuid.UUID{0x0, 0x0, 0x0, 0x0, 0x0, 0x0, 0x0, 0x0, 0x0, 0x0, 0x0, 0x0, 0x0, 0x0, 0x0, 0x0}, HashedCode:\"\", Name:\"\", Precision:0x0, IsActive:false, CreatedAt:time.Date(1, time.January, 1, 0, 0, 0, 0, time.UTC), UpdatedAt:time.Date(1, time.January, 1, 0, 0, 0, 0, time.UTC), DeletedAt:gorm.DeletedAt{Time:time.Date(1, time.January, 1, 0, 0, 0, 0, time.UTC), Valid:false}}, QuoteCurrency:entity.Currency{ID:uuid.UUID{0x0, 0x0, 0x0, 0x0, 0x0, 0x0, 0x0, 0x0, 0x0, 0x0, 0x0, 0x0, 0x0, 0x0, 0x0, 0x0}, HashedCode:\"\", Name:\"\", Precision:0x0, IsActive:false, CreatedAt:time.Date(1, time.January, 1, 0, 0, 0, 0, time.UTC), UpdatedAt:time.Date(1, time.January, 1, 0, 0, 0, 0, time.UTC), DeletedAt:gorm.DeletedAt{Time:time.Date(1, time.January, 1, 0, 0, 0, 0, time.UTC), Valid:false}}, PricePrecision:0x0, AmountPrecision:0x0, CreatedAt:time.Date(1, time.January, 1, 0, 0, 0, 0, time.UTC), UpdatedAt:time.Date(1, time.January, 1, 0, 0, 0, 0, time.UTC), DeletedAt:gorm.DeletedAt{Time:time.Date(1, time.January, 1, 0, 0, 0, 0, time.UTC), Valid:false}}, got error invalid field found for struct exchange-common/internal/entity.Pair's field BaseCurrency: define a valid foreign key for relations or implement the Valuer/Scanner interface"}
{"level":"ERROR","time":"2025-07-20 16:29:06","caller":"logger/gorm_logger.go:36","msg":"failed to parse value &entity.Pair{ID:0x0, BaseAssetID:0x0, QuoteAssetID:0x0, BaseCurrency:entity.Currency{ID:uuid.UUID{0x0, 0x0, 0x0, 0x0, 0x0, 0x0, 0x0, 0x0, 0x0, 0x0, 0x0, 0x0, 0x0, 0x0, 0x0, 0x0}, HashedCode:\"\", Name:\"\", Precision:0x0, IsActive:false, CreatedAt:time.Date(1, time.January, 1, 0, 0, 0, 0, time.UTC), UpdatedAt:time.Date(1, time.January, 1, 0, 0, 0, 0, time.UTC), DeletedAt:gorm.DeletedAt{Time:time.Date(1, time.January, 1, 0, 0, 0, 0, time.UTC), Valid:false}}, QuoteCurrency:entity.Currency{ID:uuid.UUID{0x0, 0x0, 0x0, 0x0, 0x0, 0x0, 0x0, 0x0, 0x0, 0x0, 0x0, 0x0, 0x0, 0x0, 0x0, 0x0}, HashedCode:\"\", Name:\"\", Precision:0x0, IsActive:false, CreatedAt:time.Date(1, time.January, 1, 0, 0, 0, 0, time.UTC), UpdatedAt:time.Date(1, time.January, 1, 0, 0, 0, 0, time.UTC), DeletedAt:gorm.DeletedAt{Time:time.Date(1, time.January, 1, 0, 0, 0, 0, time.UTC), Valid:false}}, PricePrecision:0x0, AmountPrecision:0x0, CreatedAt:time.Date(1, time.January, 1, 0, 0, 0, 0, time.UTC), UpdatedAt:time.Date(1, time.January, 1, 0, 0, 0, 0, time.UTC), DeletedAt:gorm.DeletedAt{Time:time.Date(1, time.January, 1, 0, 0, 0, 0, time.UTC), Valid:false}}, got error invalid field found for struct exchange-common/internal/entity.Pair's field BaseCurrency: define a valid foreign key for relations or implement the Valuer/Scanner interface"}
{"level":"ERROR","time":"2025-07-20 16:29:06","caller":"db/postgres.go:46","msg":"❌ database migration failed","error":"invalid field found for struct exchange-common/internal/entity.Pair's field BaseCurrency: define a valid foreign key for relations or implement the Valuer/Scanner interface"}
{"level":"FATAL","time":"2025-07-20 16:29:06","caller":"logger/logger.go:119","msg":"application terminated with error: postgres init error: invalid field found for struct exchange-common/internal/entity.Pair's field BaseCurrency: define a valid foreign key for relations or implement the Valuer/Scanner interface"}
{"level":"INFO","time":"2025-07-20 16:30:26","caller":"db/postgres.go:42","msg":"📦 connected to PostgreSQL"}
{"level":"ERROR","time":"2025-07-20 16:30:26","caller":"logger/gorm_logger.go:36","msg":"failed to parse value &entity.Pair{ID:0x0, BaseAssetID:0x0, QuoteAssetID:0x0, BaseCurrency:entity.Currency{ID:uuid.UUID{0x0, 0x0, 0x0, 0x0, 0x0, 0x0, 0x0, 0x0, 0x0, 0x0, 0x0, 0x0, 0x0, 0x0, 0x0, 0x0}, HashedCode:\"\", Name:\"\", Precision:0x0, IsActive:false, CreatedAt:time.Date(1, time.January, 1, 0, 0, 0, 0, time.UTC), UpdatedAt:time.Date(1, time.January, 1, 0, 0, 0, 0, time.UTC), DeletedAt:gorm.DeletedAt{Time:time.Date(1, time.January, 1, 0, 0, 0, 0, time.UTC), Valid:false}}, QuoteCurrency:entity.Currency{ID:uuid.UUID{0x0, 0x0, 0x0, 0x0, 0x0, 0x0, 0x0, 0x0, 0x0, 0x0, 0x0, 0x0, 0x0, 0x0, 0x0, 0x0}, HashedCode:\"\", Name:\"\", Precision:0x0, IsActive:false, CreatedAt:time.Date(1, time.January, 1, 0, 0, 0, 0, time.UTC), UpdatedAt:time.Date(1, time.January, 1, 0, 0, 0, 0, time.UTC), DeletedAt:gorm.DeletedAt{Time:time.Date(1, time.January, 1, 0, 0, 0, 0, time.UTC), Valid:false}}, PricePrecision:0x0, AmountPrecision:0x0, CreatedAt:time.Date(1, time.January, 1, 0, 0, 0, 0, time.UTC), UpdatedAt:time.Date(1, time.January, 1, 0, 0, 0, 0, time.UTC), DeletedAt:gorm.DeletedAt{Time:time.Date(1, time.January, 1, 0, 0, 0, 0, time.UTC), Valid:false}}, got error invalid field found for struct exchange-common/internal/entity.Pair's field BaseCurrency: define a valid foreign key for relations or implement the Valuer/Scanner interface"}
{"level":"ERROR","time":"2025-07-20 16:30:26","caller":"logger/gorm_logger.go:36","msg":"failed to parse value &entity.Pair{ID:0x0, BaseAssetID:0x0, QuoteAssetID:0x0, BaseCurrency:entity.Currency{ID:uuid.UUID{0x0, 0x0, 0x0, 0x0, 0x0, 0x0, 0x0, 0x0, 0x0, 0x0, 0x0, 0x0, 0x0, 0x0, 0x0, 0x0}, HashedCode:\"\", Name:\"\", Precision:0x0, IsActive:false, CreatedAt:time.Date(1, time.January, 1, 0, 0, 0, 0, time.UTC), UpdatedAt:time.Date(1, time.January, 1, 0, 0, 0, 0, time.UTC), DeletedAt:gorm.DeletedAt{Time:time.Date(1, time.January, 1, 0, 0, 0, 0, time.UTC), Valid:false}}, QuoteCurrency:entity.Currency{ID:uuid.UUID{0x0, 0x0, 0x0, 0x0, 0x0, 0x0, 0x0, 0x0, 0x0, 0x0, 0x0, 0x0, 0x0, 0x0, 0x0, 0x0}, HashedCode:\"\", Name:\"\", Precision:0x0, IsActive:false, CreatedAt:time.Date(1, time.January, 1, 0, 0, 0, 0, time.UTC), UpdatedAt:time.Date(1, time.January, 1, 0, 0, 0, 0, time.UTC), DeletedAt:gorm.DeletedAt{Time:time.Date(1, time.January, 1, 0, 0, 0, 0, time.UTC), Valid:false}}, PricePrecision:0x0, AmountPrecision:0x0, CreatedAt:time.Date(1, time.January, 1, 0, 0, 0, 0, time.UTC), UpdatedAt:time.Date(1, time.January, 1, 0, 0, 0, 0, time.UTC), DeletedAt:gorm.DeletedAt{Time:time.Date(1, time.January, 1, 0, 0, 0, 0, time.UTC), Valid:false}}, got error invalid field found for struct exchange-common/internal/entity.Pair's field BaseCurrency: define a valid foreign key for relations or implement the Valuer/Scanner interface"}
{"level":"ERROR","time":"2025-07-20 16:30:26","caller":"db/postgres.go:45","msg":"❌ database migration failed","error":"invalid field found for struct exchange-common/internal/entity.Pair's field BaseCurrency: define a valid foreign key for relations or implement the Valuer/Scanner interface"}
{"level":"FATAL","time":"2025-07-20 16:30:26","caller":"logger/logger.go:119","msg":"application terminated with error: postgres init error: invalid field found for struct exchange-common/internal/entity.Pair's field BaseCurrency: define a valid foreign key for relations or implement the Valuer/Scanner interface"}
{"level":"INFO","time":"2025-07-20 16:30:44","caller":"db/postgres.go:42","msg":"📦 connected to PostgreSQL"}
{"level":"INFO","time":"2025-07-20 16:30:44","caller":"db/postgres.go:48","msg":"✅ database migrated successfully"}
{"level":"ERROR","time":"2025-07-20 16:30:44","caller":"logger/gorm_logger.go:50","msg":"gorm error","sql":"SELECT * FROM \"currencies\" WHERE code = 'BTC' AND \"currencies\".\"deleted_at\" IS NULL ORDER BY \"currencies\".\"id\" LIMIT 1","rows":0,"elapsed":"877µs","error":"record not found"}
{"level":"ERROR","time":"2025-07-20 16:30:44","caller":"logger/gorm_logger.go:50","msg":"gorm error","sql":"SELECT * FROM \"currencies\" WHERE code = 'ETH' AND \"currencies\".\"deleted_at\" IS NULL ORDER BY \"currencies\".\"id\" LIMIT 1","rows":0,"elapsed":"524.1µs","error":"record not found"}
{"level":"ERROR","time":"2025-07-20 16:30:44","caller":"logger/gorm_logger.go:50","msg":"gorm error","sql":"SELECT * FROM \"currencies\" WHERE code = 'USDT' AND \"currencies\".\"deleted_at\" IS NULL ORDER BY \"currencies\".\"id\" LIMIT 1","rows":0,"elapsed":"409.3µs","error":"record not found"}
{"level":"ERROR","time":"2025-07-20 16:30:44","caller":"logger/gorm_logger.go:50","msg":"gorm error","sql":"SELECT * FROM \"currencies\" WHERE code = 'XRP' AND \"currencies\".\"deleted_at\" IS NULL ORDER BY \"currencies\".\"id\" LIMIT 1","rows":0,"elapsed":"0s","error":"record not found"}
{"level":"INFO","time":"2025-07-20 16:30:44","caller":"cmd/main.go:71","msg":"✅ currencies seeded successfully"}
{"level":"INFO","time":"2025-07-20 16:30:44","caller":"cache/redis.go:26","msg":"📦 connected to Redis"}
{"level":"INFO","time":"2025-07-20 16:30:44","caller":"logger/logger.go:117","msg":"📡 Setting up ExchangeRouter..."}
{"level":"INFO","time":"2025-07-20 16:30:44","caller":"logger/logger.go:117","msg":"✅ Exchange HTTP routes registered."}
{"level":"INFO","time":"2025-07-20 16:30:44","caller":"logger/logger.go:117","msg":"🚀 Server running on port 7000"}
{"level":"INFO","time":"2025-07-20 19:15:24","caller":"logger/logger.go:117","msg":"Signal received: interrupt"}
{"level":"INFO","time":"2025-07-20 19:15:24","caller":"logger/logger.go:117","msg":"Server gracefully stopped"}
{"level":"INFO","time":"2025-07-20 19:20:33","caller":"db/postgres.go:42","msg":"📦 connected to PostgreSQL"}
{"level":"INFO","time":"2025-07-20 19:20:33","caller":"db/postgres.go:48","msg":"✅ database migrated successfully"}
{"level":"INFO","time":"2025-07-20 19:20:33","caller":"cmd/main.go:71","msg":"✅ currencies seeded successfully"}
{"level":"INFO","time":"2025-07-20 19:20:33","caller":"cache/redis.go:26","msg":"📦 connected to Redis"}
{"level":"INFO","time":"2025-07-20 19:20:33","caller":"logger/logger.go:117","msg":"📡 Setting up ExchangeRouter..."}
{"level":"INFO","time":"2025-07-20 19:20:33","caller":"logger/logger.go:117","msg":"✅ Exchange HTTP routes registered."}
{"level":"INFO","time":"2025-07-20 19:20:33","caller":"logger/logger.go:117","msg":"🚀 Server running on port 7000"}
{"level":"ERROR","time":"2025-07-20 19:21:14","caller":"richerror/http.go:13","msg":"❌ Operation failed","user_id":"","request_id":"4e43fe96-0c16-4b34-bd49-d0e2b12708b1","ip":"::1","rich_error_code":"INVALID_EMAIL_FORMAT","rich_error_msg":"بدنه درخواست نامعتبر است","rich_error_op":"AuthHandler.Login","rich_error_kind":"invalid"}
{"level":"INFO","time":"2025-07-20 19:21:14","caller":"middleware/logger.go:60","msg":"📥 درخواست پردازش شد","user_id":"","request_id":"4e43fe96-0c16-4b34-bd49-d0e2b12708b1","ip":"::1","method":"POST","path":"/v1/auth/login","status":400,"ip":"::1","user_id":"","request_id":"4e43fe96-0c16-4b34-bd49-d0e2b12708b1","user_agent":"Mozilla/5.0 (Windows NT 10.0; Win64; x64) AppleWebKit/537.36 (KHTML, like Gecko) Chrome/138.0.0.0 Safari/537.36","latency":"1.0315ms","request_body":"{\n  \"captcha_ans\":\"[REDACTED]\",\n  \"captcha_id\": \"9f1b77d3-cb13-4a72-8a64-28de5f82a5c2\",\n  \"email\": \"user@example.com\",\n  \"password\":\"[REDACTED]\"\n}"}
{"level":"ERROR","time":"2025-07-20 19:21:28","caller":"richerror/http.go:13","msg":"❌ Operation failed","user_id":"","request_id":"5a3262b1-b767-4749-a768-b9523d065038","ip":"::1","error":"[invalid] AuthHandler.Login: redis: nil","rich_error_code":"INVALID_CAPTCHA","rich_error_msg":"کپچا نادرست است","rich_error_op":"AuthHandler.Login","rich_error_kind":"invalid"}
{"level":"INFO","time":"2025-07-20 19:21:28","caller":"middleware/logger.go:60","msg":"📥 درخواست پردازش شد","user_id":"","request_id":"5a3262b1-b767-4749-a768-b9523d065038","ip":"::1","method":"POST","path":"/v1/auth/login","status":400,"ip":"::1","user_id":"","request_id":"5a3262b1-b767-4749-a768-b9523d065038","user_agent":"Mozilla/5.0 (Windows NT 10.0; Win64; x64) AppleWebKit/537.36 (KHTML, like Gecko) Chrome/138.0.0.0 Safari/537.36","latency":"1.7218ms","request_body":"{\n  \"captcha_ans\":\"[REDACTED]\",\n  \"captcha_id\": \"9f1b77d3-cb13-4a72-8a64-28de5f82a5c2\",\n  \"email\": \"user@exampleeee.com\",\n  \"password\":\"[REDACTED]\"\n}"}
{"level":"INFO","time":"2025-07-20 19:22:06","caller":"logger/logger.go:117","msg":"Signal received: interrupt"}
{"level":"INFO","time":"2025-07-20 19:22:06","caller":"logger/logger.go:117","msg":"Server gracefully stopped"}
{"level":"INFO","time":"2025-07-20 19:22:20","caller":"db/postgres.go:42","msg":"📦 connected to PostgreSQL"}
{"level":"INFO","time":"2025-07-20 19:22:20","caller":"db/postgres.go:48","msg":"✅ database migrated successfully"}
{"level":"INFO","time":"2025-07-20 19:22:20","caller":"cmd/main.go:71","msg":"✅ currencies seeded successfully"}
{"level":"INFO","time":"2025-07-20 19:22:20","caller":"cache/redis.go:26","msg":"📦 connected to Redis"}
{"level":"INFO","time":"2025-07-20 19:22:20","caller":"logger/logger.go:117","msg":"📡 Setting up ExchangeRouter..."}
{"level":"INFO","time":"2025-07-20 19:22:20","caller":"logger/logger.go:117","msg":"✅ Exchange HTTP routes registered."}
{"level":"INFO","time":"2025-07-20 19:22:20","caller":"logger/logger.go:117","msg":"🚀 Server running on port 7000"}
{"level":"ERROR","time":"2025-07-20 19:22:48","caller":"logger/gorm_logger.go:50","msg":"gorm error","sql":"SELECT * FROM \"users\" WHERE email = 'user@exampleeee.com' AND \"users\".\"deleted_at\" IS NULL ORDER BY \"users\".\"id\" LIMIT 1","rows":0,"elapsed":"1.5746ms","error":"record not found"}
{"level":"ERROR","time":"2025-07-20 19:22:48","caller":"richerror/http.go:13","msg":"❌ Operation failed","user_id":"","request_id":"986df348-fcd1-46fd-93f9-843c608cb43d","ip":"::1","error":"اطلاعات ورود نادرست است","rich_error_code":"INVALID_CREDENTIALS","rich_error_msg":"نام کاربری یا رمز عبور نامعتبر است","rich_error_op":"AuthHandler.Login","rich_error_kind":"unauthorized"}
{"level":"INFO","time":"2025-07-20 19:22:48","caller":"middleware/logger.go:60","msg":"📥 درخواست پردازش شد","user_id":"","request_id":"986df348-fcd1-46fd-93f9-843c608cb43d","ip":"::1","method":"POST","path":"/v1/auth/login","status":401,"ip":"::1","user_id":"","request_id":"986df348-fcd1-46fd-93f9-843c608cb43d","user_agent":"Mozilla/5.0 (Windows NT 10.0; Win64; x64) AppleWebKit/537.36 (KHTML, like Gecko) Chrome/138.0.0.0 Safari/537.36","latency":"2.5643ms","request_body":"{\n  \"captcha_ans\":\"[REDACTED]\",\n  \"captcha_id\": \"9f1b77d3-cb13-4a72-8a64-28de5f82a5c2\",\n  \"email\": \"user@exampleeee.com\",\n  \"password\":\"[REDACTED]\"\n}"}
{"level":"INFO","time":"2025-07-20 19:23:31","caller":"logger/logger.go:117","msg":"Signal received: interrupt"}
{"level":"INFO","time":"2025-07-20 19:23:31","caller":"logger/logger.go:117","msg":"Server gracefully stopped"}
{"level":"INFO","time":"2025-07-20 19:24:54","caller":"db/postgres.go:42","msg":"📦 connected to PostgreSQL"}
{"level":"INFO","time":"2025-07-20 19:24:54","caller":"db/postgres.go:48","msg":"✅ database migrated successfully"}
{"level":"INFO","time":"2025-07-20 19:24:54","caller":"cmd/main.go:71","msg":"✅ currencies seeded successfully"}
{"level":"INFO","time":"2025-07-20 19:24:54","caller":"cache/redis.go:26","msg":"📦 connected to Redis"}
{"level":"INFO","time":"2025-07-20 19:24:54","caller":"logger/logger.go:117","msg":"📡 Setting up ExchangeRouter..."}
{"level":"INFO","time":"2025-07-20 19:24:54","caller":"logger/logger.go:117","msg":"✅ Exchange HTTP routes registered."}
{"level":"INFO","time":"2025-07-20 19:24:54","caller":"logger/logger.go:117","msg":"🚀 Server running on port 7000"}
{"level":"ERROR","time":"2025-07-20 19:25:42","caller":"logger/gorm_logger.go:50","msg":"gorm error","sql":"SELECT * FROM \"users\" WHERE email = 'user@examplee.com' AND \"users\".\"deleted_at\" IS NULL ORDER BY \"users\".\"id\" LIMIT 1","rows":0,"elapsed":"1.4636ms","error":"record not found"}
{"level":"ERROR","time":"2025-07-20 19:25:42","caller":"logger/gorm_logger.go:50","msg":"gorm error","sql":"INSERT INTO \"user2_fa_codes\" (\"id\",\"user_id\",\"code\",\"expires_at\",\"is_used\",\"created_at\",\"deleted_at\") VALUES ('d6d87ba8-19a4-4d03-a1d7-f091d41aeaa3','8366ed70-badb-4961-942c-ddbf7c6a6540','915559','2025-07-20 19:30:42.976',false,'2025-07-20 19:25:42.976',NULL)","rows":0,"elapsed":"2.525ms","error":"ERROR: relation \"user2_fa_codes\" does not exist (SQLSTATE 42P01)"}
{"level":"ERROR","time":"2025-07-20 19:25:42","caller":"richerror/http.go:13","msg":"❌ Operation failed","user_id":"","request_id":"12ef1252-f7b7-46e0-a9c4-fbb9838a97a7","ip":"::1","error":"failed to store 2FA code","rich_error_code":"2FA_CODE_GENERATION_ERROR","rich_error_msg":"خطا در تولید کد تایید","rich_error_op":"AuthHandler.Register","rich_error_kind":"internal"}
{"level":"INFO","time":"2025-07-20 19:25:42","caller":"middleware/logger.go:60","msg":"📥 درخواست پردازش شد","user_id":"","request_id":"12ef1252-f7b7-46e0-a9c4-fbb9838a97a7","ip":"::1","method":"POST","path":"/v1/auth/register","status":500,"ip":"::1","user_id":"","request_id":"12ef1252-f7b7-46e0-a9c4-fbb9838a97a7","user_agent":"Mozilla/5.0 (Windows NT 10.0; Win64; x64) AppleWebKit/537.36 (KHTML, like Gecko) Chrome/138.0.0.0 Safari/537.36","latency":"69.4447ms","request_body":"{\n  \"captcha_ans\":\"[REDACTED]\",\n  \"captcha_id\": \"9f1b77d3-cb13-4a72-8a64-28de5f82a5c2\",\n  \"email\": \"user@examplee.com\",\n  \"full_name\": \"Ali Rezaei\",\n  \"password\":\"[REDACTED]\"\n}"}
{"level":"INFO","time":"2025-07-21 11:42:52","caller":"logger/logger.go:117","msg":"Signal received: terminated"}
{"level":"INFO","time":"2025-07-21 11:42:52","caller":"logger/logger.go:117","msg":"Server gracefully stopped"}
